{"date":"Fri Jul 20 2018 10:18:13 GMT-0700 (PDT)","process":{"pid":68764,"uid":501,"gid":20,"cwd":"/Users/moshfeghhamedani/Desktop/Trash/vidly-api-node","execPath":"/usr/local/bin/node","version":"v8.9.1","argv":["/usr/local/bin/node","/Users/moshfeghhamedani/Desktop/Trash/vidly-api-node/index.js"],"memoryUsage":{"rss":59969536,"heapTotal":57044992,"heapUsed":20611200,"external":17867169}},"os":{"loadavg":[2.79296875,2.74169921875,2.95166015625],"uptime":575964},"trace":[{"column":11,"file":"/Users/moshfeghhamedani/Desktop/Trash/vidly-api-node/startup/config.js","function":"module.exports","line":5,"method":"exports","native":false},{"column":28,"file":"/Users/moshfeghhamedani/Desktop/Trash/vidly-api-node/index.js","function":null,"line":10,"method":null,"native":false},{"column":30,"file":"module.js","function":"Module._compile","line":635,"method":"_compile","native":false},{"column":10,"file":"module.js","function":"Module._extensions..js","line":646,"method":".js","native":false},{"column":32,"file":"module.js","function":"Module.load","line":554,"method":"load","native":false},{"column":12,"file":"module.js","function":"tryModuleLoad","line":497,"method":null,"native":false},{"column":3,"file":"module.js","function":"Module._load","line":489,"method":"_load","native":false},{"column":10,"file":"module.js","function":"Module.runMain","line":676,"method":"runMain","native":false},{"column":16,"file":"bootstrap_node.js","function":"startup","line":187,"method":null,"native":false},{"column":3,"file":"bootstrap_node.js","function":null,"line":608,"method":null,"native":false}],"stack":["Error: FATAL ERROR: jwtPrivateKey is not defined.","    at module.exports (/Users/moshfeghhamedani/Desktop/Trash/vidly-api-node/startup/config.js:5:11)","    at Object.<anonymous> (/Users/moshfeghhamedani/Desktop/Trash/vidly-api-node/index.js:10:28)","    at Module._compile (module.js:635:30)","    at Object.Module._extensions..js (module.js:646:10)","    at Module.load (module.js:554:32)","    at tryModuleLoad (module.js:497:12)","    at Function.Module._load (module.js:489:3)","    at Function.Module.runMain (module.js:676:10)","    at startup (bootstrap_node.js:187:16)","    at bootstrap_node.js:608:3"],"level":"error","message":"uncaughtException: FATAL ERROR: jwtPrivateKey is not defined.","timestamp":"2018-07-20T17:18:13.911Z"}
{"date":"Tue Aug 05 2025 17:41:24 GMT+0500 (Pakistan Standard Time)","process":{"pid":1892,"uid":null,"gid":null,"cwd":"D:\\University\\internship hazen\\React\\vidly-api-node","execPath":"C:\\Program Files\\nodejs\\node.exe","version":"v22.17.1","argv":["C:\\Program Files\\nodejs\\node.exe","D:\\University\\internship hazen\\React\\vidly-api-node\\index.js"],"memoryUsage":{"rss":70639616,"heapTotal":34619392,"heapUsed":19959328,"external":20210226,"arrayBuffers":17861848}},"os":{"loadavg":[0,0,0],"uptime":542408.015},"trace":[{"column":25,"file":"D:\\University\\internship hazen\\React\\vidly-api-node\\node_modules\\mongodb-core\\lib\\cursor.js","function":"queryCallback","line":223,"method":null,"native":false},{"column":18,"file":"D:\\University\\internship hazen\\React\\vidly-api-node\\node_modules\\mongodb-core\\lib\\connection\\pool.js","function":null,"line":541,"method":null,"native":false},{"column":11,"file":"node:internal/process/task_queues","function":"process.processTicksAndRejections","line":85,"method":"processTicksAndRejections","native":false}],"stack":["MongoError: Unsupported OP_QUERY command: listIndexes. The client driver may require an upgrade. For more details see https://dochub.mongodb.org/core/legacy-opcode-removal","    at queryCallback (D:\\University\\internship hazen\\React\\vidly-api-node\\node_modules\\mongodb-core\\lib\\cursor.js:223:25)","    at D:\\University\\internship hazen\\React\\vidly-api-node\\node_modules\\mongodb-core\\lib\\connection\\pool.js:541:18","    at process.processTicksAndRejections (node:internal/process/task_queues:85:11)"],"level":"error","message":"uncaughtException: Unsupported OP_QUERY command: listIndexes. The client driver may require an upgrade. For more details see https://dochub.mongodb.org/core/legacy-opcode-removal","timestamp":"2025-08-05T12:41:24.324Z"}
{"date":"Tue Aug 05 2025 17:57:25 GMT+0500 (Pakistan Standard Time)","error":{},"exception":true,"level":"error","message":"uncaughtException: Invalid transport, must be an object with a log method.\nError: Invalid transport, must be an object with a log method.\n    at new LegacyTransportStream (D:\\University\\internship hazen\\React\\vidly-api-node\\node_modules\\winston-transport\\legacy.js:18:11)\n    at DerivedLogger.add (D:\\University\\internship hazen\\React\\vidly-api-node\\node_modules\\winston\\lib\\winston\\logger.js:353:11)\n    at exports.<computed> [as add] (D:\\University\\internship hazen\\React\\vidly-api-node\\node_modules\\winston\\lib\\winston.js:110:68)\n    at module.exports (D:\\University\\internship hazen\\React\\vidly-api-node\\startup\\logging.js:14:11)\n    at Object.<anonymous> (D:\\University\\internship hazen\\React\\vidly-api-node\\index.js:6:29)\n    at Module._compile (node:internal/modules/cjs/loader:1730:14)\n    at Object..js (node:internal/modules/cjs/loader:1895:10)\n    at Module.load (node:internal/modules/cjs/loader:1465:32)\n    at Function._load (node:internal/modules/cjs/loader:1282:12)\n    at TracingChannel.traceSync (node:diagnostics_channel:322:14)","os":{"loadavg":[0,0,0],"uptime":543369.265},"process":{"argv":["C:\\Program Files\\nodejs\\node.exe","D:\\University\\internship hazen\\React\\vidly-api-node\\index.js"],"cwd":"D:\\University\\internship hazen\\React\\vidly-api-node","execPath":"C:\\Program Files\\nodejs\\node.exe","gid":null,"memoryUsage":{"arrayBuffers":18675,"external":2075361,"heapTotal":18083840,"heapUsed":12157384,"rss":53211136},"pid":13952,"uid":null,"version":"v22.17.1"},"stack":"Error: Invalid transport, must be an object with a log method.\n    at new LegacyTransportStream (D:\\University\\internship hazen\\React\\vidly-api-node\\node_modules\\winston-transport\\legacy.js:18:11)\n    at DerivedLogger.add (D:\\University\\internship hazen\\React\\vidly-api-node\\node_modules\\winston\\lib\\winston\\logger.js:353:11)\n    at exports.<computed> [as add] (D:\\University\\internship hazen\\React\\vidly-api-node\\node_modules\\winston\\lib\\winston.js:110:68)\n    at module.exports (D:\\University\\internship hazen\\React\\vidly-api-node\\startup\\logging.js:14:11)\n    at Object.<anonymous> (D:\\University\\internship hazen\\React\\vidly-api-node\\index.js:6:29)\n    at Module._compile (node:internal/modules/cjs/loader:1730:14)\n    at Object..js (node:internal/modules/cjs/loader:1895:10)\n    at Module.load (node:internal/modules/cjs/loader:1465:32)\n    at Function._load (node:internal/modules/cjs/loader:1282:12)\n    at TracingChannel.traceSync (node:diagnostics_channel:322:14)","trace":[{"column":11,"file":"D:\\University\\internship hazen\\React\\vidly-api-node\\node_modules\\winston-transport\\legacy.js","function":"new LegacyTransportStream","line":18,"method":null,"native":false},{"column":11,"file":"D:\\University\\internship hazen\\React\\vidly-api-node\\node_modules\\winston\\lib\\winston\\logger.js","function":"DerivedLogger.add","line":353,"method":"add","native":false},{"column":68,"file":"D:\\University\\internship hazen\\React\\vidly-api-node\\node_modules\\winston\\lib\\winston.js","function":"exports.<computed> [as add]","line":110,"method":"<computed> [as add]","native":false},{"column":11,"file":"D:\\University\\internship hazen\\React\\vidly-api-node\\startup\\logging.js","function":"module.exports","line":14,"method":"exports","native":false},{"column":29,"file":"D:\\University\\internship hazen\\React\\vidly-api-node\\index.js","function":null,"line":6,"method":null,"native":false},{"column":14,"file":"node:internal/modules/cjs/loader","function":"Module._compile","line":1730,"method":"_compile","native":false},{"column":10,"file":"node:internal/modules/cjs/loader","function":"Object..js","line":1895,"method":".js","native":false},{"column":32,"file":"node:internal/modules/cjs/loader","function":"Module.load","line":1465,"method":"load","native":false},{"column":12,"file":"node:internal/modules/cjs/loader","function":"Function._load","line":1282,"method":"_load","native":false},{"column":14,"file":"node:diagnostics_channel","function":"TracingChannel.traceSync","line":322,"method":"traceSync","native":false}]}
2025-08-05T12:59:52.812Z [[31merror[39m]: Error: The provided mongoose instance is invalid
    at Object.init (D:\University\internship hazen\React\vidly-api-node\node_modules\fawn\lib\fawn.js:30:15)
    at Object.<anonymous> (D:\University\internship hazen\React\vidly-api-node\routes\rentals.js:10:6)
    at Module._compile (node:internal/modules/cjs/loader:1730:14)
    at Object..js (node:internal/modules/cjs/loader:1895:10)
    at Module.load (node:internal/modules/cjs/loader:1465:32)
    at Function._load (node:internal/modules/cjs/loader:1282:12)
    at TracingChannel.traceSync (node:diagnostics_channel:322:14)
    at wrapModuleLoad (node:internal/modules/cjs/loader:235:24)
    at Module.require (node:internal/modules/cjs/loader:1487:12)
    at require (node:internal/modules/helpers:135:16)
    at Object.<anonymous> (D:\University\internship hazen\React\vidly-api-node\startup\routes.js:5:17)
    at Module._compile (node:internal/modules/cjs/loader:1730:14)
    at Object..js (node:internal/modules/cjs/loader:1895:10)
    at Module.load (node:internal/modules/cjs/loader:1465:32)
    at Function._load (node:internal/modules/cjs/loader:1282:12)
    at TracingChannel.traceSync (node:diagnostics_channel:322:14)
2025-08-05T13:06:14.261Z [[31merror[39m]: D:\University\internship hazen\React\vidly-api-node\routes\rentals.js:10
const mongoose = require("mongoose");
      ^

SyntaxError: Identifier 'mongoose' has already been declared
    at wrapSafe (node:internal/modules/cjs/loader:1662:18)
    at Module._compile (node:internal/modules/cjs/loader:1704:20)
    at Object..js (node:internal/modules/cjs/loader:1895:10)
    at Module.load (node:internal/modules/cjs/loader:1465:32)
    at Function._load (node:internal/modules/cjs/loader:1282:12)
    at TracingChannel.traceSync (node:diagnostics_channel:322:14)
    at wrapModuleLoad (node:internal/modules/cjs/loader:235:24)
    at Module.require (node:internal/modules/cjs/loader:1487:12)
    at require (node:internal/modules/helpers:135:16)
    at Object.<anonymous> (D:\University\internship hazen\React\vidly-api-node\startup\routes.js:5:17)
2025-08-05T13:06:23.332Z [[31merror[39m]: D:\University\internship hazen\React\vidly-api-node\routes\rentals.js:10
const mongoose = require("mongoose");
      ^

SyntaxError: Identifier 'mongoose' has already been declared
    at wrapSafe (node:internal/modules/cjs/loader:1662:18)
    at Module._compile (node:internal/modules/cjs/loader:1704:20)
    at Object..js (node:internal/modules/cjs/loader:1895:10)
    at Module.load (node:internal/modules/cjs/loader:1465:32)
    at Function._load (node:internal/modules/cjs/loader:1282:12)
    at TracingChannel.traceSync (node:diagnostics_channel:322:14)
    at wrapModuleLoad (node:internal/modules/cjs/loader:235:24)
    at Module.require (node:internal/modules/cjs/loader:1487:12)
    at require (node:internal/modules/helpers:135:16)
    at Object.<anonymous> (D:\University\internship hazen\React\vidly-api-node\startup\routes.js:5:17)
2025-08-05T13:07:28.227Z [[31merror[39m]: Error: The provided mongoose instance is invalid
    at Object.init (D:\University\internship hazen\React\vidly-api-node\node_modules\fawn\lib\fawn.js:30:15)
    at Object.<anonymous> (D:\University\internship hazen\React\vidly-api-node\routes\rentals.js:10:6)
    at Module._compile (node:internal/modules/cjs/loader:1730:14)
    at Object..js (node:internal/modules/cjs/loader:1895:10)
    at Module.load (node:internal/modules/cjs/loader:1465:32)
    at Function._load (node:internal/modules/cjs/loader:1282:12)
    at TracingChannel.traceSync (node:diagnostics_channel:322:14)
    at wrapModuleLoad (node:internal/modules/cjs/loader:235:24)
    at Module.require (node:internal/modules/cjs/loader:1487:12)
    at require (node:internal/modules/helpers:135:16)
    at Object.<anonymous> (D:\University\internship hazen\React\vidly-api-node\startup\routes.js:5:17)
    at Module._compile (node:internal/modules/cjs/loader:1730:14)
    at Object..js (node:internal/modules/cjs/loader:1895:10)
    at Module.load (node:internal/modules/cjs/loader:1465:32)
    at Function._load (node:internal/modules/cjs/loader:1282:12)
    at TracingChannel.traceSync (node:diagnostics_channel:322:14)
2025-08-05T13:12:45.460Z [[31merror[39m]: Error: The provided mongoose instance is invalid
    at Object.init (D:\University\internship hazen\React\vidly-api-node\node_modules\fawn\lib\fawn.js:30:15)
    at Object.<anonymous> (D:\University\internship hazen\React\vidly-api-node\routes\rentals.js:10:6)
    at Module._compile (node:internal/modules/cjs/loader:1730:14)
    at Object..js (node:internal/modules/cjs/loader:1895:10)
    at Module.load (node:internal/modules/cjs/loader:1465:32)
    at Function._load (node:internal/modules/cjs/loader:1282:12)
    at TracingChannel.traceSync (node:diagnostics_channel:322:14)
    at wrapModuleLoad (node:internal/modules/cjs/loader:235:24)
    at Module.require (node:internal/modules/cjs/loader:1487:12)
    at require (node:internal/modules/helpers:135:16)
    at Object.<anonymous> (D:\University\internship hazen\React\vidly-api-node\startup\routes.js:5:17)
    at Module._compile (node:internal/modules/cjs/loader:1730:14)
    at Object..js (node:internal/modules/cjs/loader:1895:10)
    at Module.load (node:internal/modules/cjs/loader:1465:32)
    at Function._load (node:internal/modules/cjs/loader:1282:12)
    at TracingChannel.traceSync (node:diagnostics_channel:322:14)
2025-08-05T13:14:38.536Z [[31merror[39m]: Error: The provided mongoose instance is invalid
    at Object.init (D:\University\internship hazen\React\vidly-api-node\node_modules\fawn\lib\fawn.js:30:15)
    at Object.<anonymous> (D:\University\internship hazen\React\vidly-api-node\routes\rentals.js:11:6)
    at Module._compile (node:internal/modules/cjs/loader:1730:14)
    at Object..js (node:internal/modules/cjs/loader:1895:10)
    at Module.load (node:internal/modules/cjs/loader:1465:32)
    at Function._load (node:internal/modules/cjs/loader:1282:12)
    at TracingChannel.traceSync (node:diagnostics_channel:322:14)
    at wrapModuleLoad (node:internal/modules/cjs/loader:235:24)
    at Module.require (node:internal/modules/cjs/loader:1487:12)
    at require (node:internal/modules/helpers:135:16)
    at Object.<anonymous> (D:\University\internship hazen\React\vidly-api-node\startup\routes.js:5:17)
    at Module._compile (node:internal/modules/cjs/loader:1730:14)
    at Object..js (node:internal/modules/cjs/loader:1895:10)
    at Module.load (node:internal/modules/cjs/loader:1465:32)
    at Function._load (node:internal/modules/cjs/loader:1282:12)
    at TracingChannel.traceSync (node:diagnostics_channel:322:14)
